Started GET "/dashboard" for 127.0.0.1 at 2017-07-26 18:35:47 +0000
Processing by OrganisationsController#index as HTML
  [1m[36mOrganisation Load (0.7ms)[0m  [1m[34mSELECT  "organisations".* FROM "organisations" WHERE "organisations"."id" = $1 ORDER BY "organisations"."id" ASC LIMIT $2[0m  [["id", 1], ["LIMIT", 1]]
  Rendering organisations/index.html.erb within layouts/organisations
  [1m[35m (80.7ms)[0m  [1m[34mSELECT COUNT(*) FROM "membershipdata" WHERE "membershipdata"."organisation_id" = $1[0m  [["organisation_id", 1]]
  [1m[35m (0.6ms)[0m  [1m[34mSELECT COUNT(*) FROM "fundraisings" WHERE "fundraisings"."organisation_id" = $1[0m  [["organisation_id", 1]]
  [1m[35m (0.4ms)[0m  [1m[34mSELECT COUNT(*) FROM "events" WHERE "events"."organisation_id" = $1[0m  [["organisation_id", 1]]
  Rendered organisations/index.html.erb within layouts/organisations (203.0ms)
  Rendered layouts/_navigation.html.erb (3.6ms)
  Rendered layouts/_topnavbar.html.erb (1.2ms)
Completed 200 OK in 2122ms (Views: 1934.9ms | ActiveRecord: 94.5ms)


Started GET "/membershipdata" for 127.0.0.1 at 2017-07-26 18:36:05 +0000
Processing by MembershipdataController#index as HTML
  [1m[36mOrganisation Load (0.5ms)[0m  [1m[34mSELECT  "organisations".* FROM "organisations" WHERE "organisations"."id" = $1 ORDER BY "organisations"."id" ASC LIMIT $2[0m  [["id", 1], ["LIMIT", 1]]
  Rendering membershipdata/index.html.erb within layouts/organisations
  [1m[36mMembershipdatum Load (0.3ms)[0m  [1m[34mSELECT "membershipdata".* FROM "membershipdata" WHERE "membershipdata"."organisation_id" = $1[0m  [["organisation_id", 1]]
  Rendered membershipdata/index.html.erb within layouts/organisations (33.3ms)
  Rendered layouts/_navigation.html.erb (1.9ms)
  Rendered layouts/_topnavbar.html.erb (1.0ms)
Completed 200 OK in 123ms (Views: 62.6ms | ActiveRecord: 3.2ms)


Started GET "/fundraisings" for 127.0.0.1 at 2017-07-26 18:36:31 +0000
Processing by FundraisingsController#index as HTML
  [1m[36mOrganisation Load (0.4ms)[0m  [1m[34mSELECT  "organisations".* FROM "organisations" WHERE "organisations"."id" = $1 ORDER BY "organisations"."id" ASC LIMIT $2[0m  [["id", 1], ["LIMIT", 1]]
  Rendering fundraisings/index.html.erb within layouts/organisations
  [1m[36mFundraising Load (0.8ms)[0m  [1m[34mSELECT "fundraisings".* FROM "fundraisings" WHERE "fundraisings"."organisation_id" = $1[0m  [["organisation_id", 1]]
  Rendered fundraisings/index.html.erb within layouts/organisations (29.8ms)
  Rendered layouts/_navigation.html.erb (1.9ms)
  Rendered layouts/_topnavbar.html.erb (2.3ms)
Completed 200 OK in 76ms (Views: 61.5ms | ActiveRecord: 2.8ms)


Started GET "/events" for 127.0.0.1 at 2017-07-26 18:36:40 +0000
Processing by EventsController#index as HTML
  [1m[36mOrganisation Load (0.5ms)[0m  [1m[34mSELECT  "organisations".* FROM "organisations" WHERE "organisations"."id" = $1 ORDER BY "organisations"."id" ASC LIMIT $2[0m  [["id", 1], ["LIMIT", 1]]
  Rendering events/index.html.erb within layouts/organisations
  [1m[36mEvent Load (0.6ms)[0m  [1m[34mSELECT "events".* FROM "events" WHERE "events"."organisation_id" = $1[0m  [["organisation_id", 1]]
  Rendered events/index.html.erb within layouts/organisations (25.0ms)
  Rendered layouts/_navigation.html.erb (2.3ms)
  Rendered layouts/_topnavbar.html.erb (0.8ms)
Completed 200 OK in 72ms (Views: 55.8ms | ActiveRecord: 3.2ms)


Started GET "/fundraisings" for 127.0.0.1 at 2017-07-26 18:36:42 +0000
Processing by FundraisingsController#index as HTML
  [1m[36mOrganisation Load (0.8ms)[0m  [1m[34mSELECT  "organisations".* FROM "organisations" WHERE "organisations"."id" = $1 ORDER BY "organisations"."id" ASC LIMIT $2[0m  [["id", 1], ["LIMIT", 1]]
  Rendering fundraisings/index.html.erb within layouts/organisations
  [1m[36mFundraising Load (0.5ms)[0m  [1m[34mSELECT "fundraisings".* FROM "fundraisings" WHERE "fundraisings"."organisation_id" = $1[0m  [["organisation_id", 1]]
  Rendered fundraisings/index.html.erb within layouts/organisations (13.0ms)
  Rendered layouts/_navigation.html.erb (3.0ms)
  Rendered layouts/_topnavbar.html.erb (1.1ms)
Completed 200 OK in 68ms (Views: 52.0ms | ActiveRecord: 1.4ms)


Started GET "/events" for 127.0.0.1 at 2017-07-26 18:36:46 +0000
Processing by EventsController#index as HTML
  [1m[36mOrganisation Load (0.7ms)[0m  [1m[34mSELECT  "organisations".* FROM "organisations" WHERE "organisations"."id" = $1 ORDER BY "organisations"."id" ASC LIMIT $2[0m  [["id", 1], ["LIMIT", 1]]
  Rendering events/index.html.erb within layouts/organisations
  [1m[36mEvent Load (1.4ms)[0m  [1m[34mSELECT "events".* FROM "events" WHERE "events"."organisation_id" = $1[0m  [["organisation_id", 1]]
  Rendered events/index.html.erb within layouts/organisations (7.0ms)
  Rendered layouts/_navigation.html.erb (3.7ms)
  Rendered layouts/_topnavbar.html.erb (1.2ms)
Completed 200 OK in 64ms (Views: 45.8ms | ActiveRecord: 2.1ms)


Started GET "/users/events" for 127.0.0.1 at 2017-07-26 18:37:28 +0000

AbstractController::ActionNotFound - The action 'show' could not be found for UsersController:
  actionpack (5.0.4) lib/abstract_controller/base.rb:121:in `process'
  actionview (5.0.4) lib/action_view/rendering.rb:30:in `process'
  actionpack (5.0.4) lib/action_controller/metal.rb:190:in `dispatch'
  actionpack (5.0.4) lib/action_controller/metal.rb:262:in `dispatch'
  actionpack (5.0.4) lib/action_dispatch/routing/route_set.rb:50:in `dispatch'
  actionpack (5.0.4) lib/action_dispatch/routing/route_set.rb:32:in `serve'
  actionpack (5.0.4) lib/action_dispatch/journey/router.rb:39:in `block in serve'
  actionpack (5.0.4) lib/action_dispatch/journey/router.rb:26:in `serve'
  actionpack (5.0.4) lib/action_dispatch/routing/route_set.rb:725:in `call'
  warden (1.2.7) lib/warden/manager.rb:36:in `block in call'
  warden (1.2.7) lib/warden/manager.rb:35:in `call'
  rack (2.0.3) lib/rack/etag.rb:25:in `call'
  rack (2.0.3) lib/rack/conditional_get.rb:25:in `call'
  rack (2.0.3) lib/rack/head.rb:12:in `call'
  rack (2.0.3) lib/rack/session/abstract/id.rb:232:in `context'
  rack (2.0.3) lib/rack/session/abstract/id.rb:226:in `call'
  actionpack (5.0.4) lib/action_dispatch/middleware/cookies.rb:613:in `call'
  actionpack (5.0.4) lib/action_dispatch/middleware/callbacks.rb:38:in `block in call'
  activesupport (5.0.4) lib/active_support/callbacks.rb:97:in `__run_callbacks__'
  activesupport (5.0.4) lib/active_support/callbacks.rb:750:in `_run_call_callbacks'
  activesupport (5.0.4) lib/active_support/callbacks.rb:90:in `run_callbacks'
  actionpack (5.0.4) lib/action_dispatch/middleware/callbacks.rb:36:in `call'
  actionpack (5.0.4) lib/action_dispatch/middleware/remote_ip.rb:79:in `call'
  better_errors (2.1.1) lib/better_errors/middleware.rb:84:in `protected_app_call'
  better_errors (2.1.1) lib/better_errors/middleware.rb:79:in `better_errors_call'
  better_errors (2.1.1) lib/better_errors/middleware.rb:57:in `call'
  actionpack (5.0.4) lib/action_dispatch/middleware/debug_exceptions.rb:49:in `call'
  web-console (3.5.1) lib/web_console/middleware.rb:135:in `call_app'
  web-console (3.5.1) lib/web_console/middleware.rb:28:in `block in call'
  web-console (3.5.1) lib/web_console/middleware.rb:18:in `call'
  actionpack (5.0.4) lib/action_dispatch/middleware/show_exceptions.rb:31:in `call'
  railties (5.0.4) lib/rails/rack/logger.rb:36:in `call_app'
  railties (5.0.4) lib/rails/rack/logger.rb:24:in `block in call'
  activesupport (5.0.4) lib/active_support/tagged_logging.rb:69:in `block in tagged'
  activesupport (5.0.4) lib/active_support/tagged_logging.rb:26:in `tagged'
  activesupport (5.0.4) lib/active_support/tagged_logging.rb:69:in `tagged'
  railties (5.0.4) lib/rails/rack/logger.rb:24:in `call'
  actionpack (5.0.4) lib/action_dispatch/middleware/request_id.rb:24:in `call'
  rack (2.0.3) lib/rack/method_override.rb:22:in `call'
  rack (2.0.3) lib/rack/runtime.rb:22:in `call'
  activesupport (5.0.4) lib/active_support/cache/strategy/local_cache_middleware.rb:28:in `call'
  actionpack (5.0.4) lib/action_dispatch/middleware/executor.rb:12:in `call'
  actionpack (5.0.4) lib/action_dispatch/middleware/static.rb:136:in `call'
  rack (2.0.3) lib/rack/sendfile.rb:111:in `call'
  railties (5.0.4) lib/rails/engine.rb:522:in `call'
  puma (3.9.1) lib/puma/configuration.rb:224:in `call'
  puma (3.9.1) lib/puma/server.rb:602:in `handle_request'
  puma (3.9.1) lib/puma/server.rb:435:in `process_client'
  puma (3.9.1) lib/puma/server.rb:299:in `block in run'
  puma (3.9.1) lib/puma/thread_pool.rb:120:in `block in spawn_thread'

Started POST "/__better_errors/0743116d4db28571/variables" for 127.0.0.1 at 2017-07-26 18:37:29 +0000
Started GET "/dashboard" for 127.0.0.1 at 2017-07-26 18:38:36 +0000
Processing by OrganisationsController#index as HTML
  [1m[36mOrganisation Load (1.1ms)[0m  [1m[34mSELECT  "organisations".* FROM "organisations" WHERE "organisations"."id" = $1 ORDER BY "organisations"."id" ASC LIMIT $2[0m  [["id", 1], ["LIMIT", 1]]
  Rendering organisations/index.html.erb within layouts/organisations
  [1m[35m (0.9ms)[0m  [1m[34mSELECT COUNT(*) FROM "membershipdata" WHERE "membershipdata"."organisation_id" = $1[0m  [["organisation_id", 1]]
  [1m[35m (1.1ms)[0m  [1m[34mSELECT COUNT(*) FROM "fundraisings" WHERE "fundraisings"."organisation_id" = $1[0m  [["organisation_id", 1]]
  [1m[35m (0.7ms)[0m  [1m[34mSELECT COUNT(*) FROM "events" WHERE "events"."organisation_id" = $1[0m  [["organisation_id", 1]]
  Rendered organisations/index.html.erb within layouts/organisations (11.5ms)
  Rendered layouts/_navigation.html.erb (2.1ms)
  Rendered layouts/_topnavbar.html.erb (1.1ms)
Completed 200 OK in 58ms (Views: 40.6ms | ActiveRecord: 3.7ms)


Started GET "/users/jobs" for 127.0.0.1 at 2017-07-26 18:38:52 +0000

AbstractController::ActionNotFound - The action 'show' could not be found for UsersController:
  actionpack (5.0.4) lib/abstract_controller/base.rb:121:in `process'
  actionview (5.0.4) lib/action_view/rendering.rb:30:in `process'
  actionpack (5.0.4) lib/action_controller/metal.rb:190:in `dispatch'
  actionpack (5.0.4) lib/action_controller/metal.rb:262:in `dispatch'
  actionpack (5.0.4) lib/action_dispatch/routing/route_set.rb:50:in `dispatch'
  actionpack (5.0.4) lib/action_dispatch/routing/route_set.rb:32:in `serve'
  actionpack (5.0.4) lib/action_dispatch/journey/router.rb:39:in `block in serve'
  actionpack (5.0.4) lib/action_dispatch/journey/router.rb:26:in `serve'
  actionpack (5.0.4) lib/action_dispatch/routing/route_set.rb:725:in `call'
  warden (1.2.7) lib/warden/manager.rb:36:in `block in call'
  warden (1.2.7) lib/warden/manager.rb:35:in `call'
  rack (2.0.3) lib/rack/etag.rb:25:in `call'
  rack (2.0.3) lib/rack/conditional_get.rb:25:in `call'
  rack (2.0.3) lib/rack/head.rb:12:in `call'
  rack (2.0.3) lib/rack/session/abstract/id.rb:232:in `context'
  rack (2.0.3) lib/rack/session/abstract/id.rb:226:in `call'
  actionpack (5.0.4) lib/action_dispatch/middleware/cookies.rb:613:in `call'
  actionpack (5.0.4) lib/action_dispatch/middleware/callbacks.rb:38:in `block in call'
  activesupport (5.0.4) lib/active_support/callbacks.rb:97:in `__run_callbacks__'
  activesupport (5.0.4) lib/active_support/callbacks.rb:750:in `_run_call_callbacks'
  activesupport (5.0.4) lib/active_support/callbacks.rb:90:in `run_callbacks'
  actionpack (5.0.4) lib/action_dispatch/middleware/callbacks.rb:36:in `call'
  actionpack (5.0.4) lib/action_dispatch/middleware/remote_ip.rb:79:in `call'
  better_errors (2.1.1) lib/better_errors/middleware.rb:84:in `protected_app_call'
  better_errors (2.1.1) lib/better_errors/middleware.rb:79:in `better_errors_call'
  better_errors (2.1.1) lib/better_errors/middleware.rb:57:in `call'
  actionpack (5.0.4) lib/action_dispatch/middleware/debug_exceptions.rb:49:in `call'
  web-console (3.5.1) lib/web_console/middleware.rb:135:in `call_app'
  web-console (3.5.1) lib/web_console/middleware.rb:28:in `block in call'
  web-console (3.5.1) lib/web_console/middleware.rb:18:in `call'
  actionpack (5.0.4) lib/action_dispatch/middleware/show_exceptions.rb:31:in `call'
  railties (5.0.4) lib/rails/rack/logger.rb:36:in `call_app'
  railties (5.0.4) lib/rails/rack/logger.rb:24:in `block in call'
  activesupport (5.0.4) lib/active_support/tagged_logging.rb:69:in `block in tagged'
  activesupport (5.0.4) lib/active_support/tagged_logging.rb:26:in `tagged'
  activesupport (5.0.4) lib/active_support/tagged_logging.rb:69:in `tagged'
  railties (5.0.4) lib/rails/rack/logger.rb:24:in `call'
  actionpack (5.0.4) lib/action_dispatch/middleware/request_id.rb:24:in `call'
  rack (2.0.3) lib/rack/method_override.rb:22:in `call'
  rack (2.0.3) lib/rack/runtime.rb:22:in `call'
  activesupport (5.0.4) lib/active_support/cache/strategy/local_cache_middleware.rb:28:in `call'
  actionpack (5.0.4) lib/action_dispatch/middleware/executor.rb:12:in `call'
  actionpack (5.0.4) lib/action_dispatch/middleware/static.rb:136:in `call'
  rack (2.0.3) lib/rack/sendfile.rb:111:in `call'
  railties (5.0.4) lib/rails/engine.rb:522:in `call'
  puma (3.9.1) lib/puma/configuration.rb:224:in `call'
  puma (3.9.1) lib/puma/server.rb:602:in `handle_request'
  puma (3.9.1) lib/puma/server.rb:435:in `process_client'
  puma (3.9.1) lib/puma/server.rb:299:in `block in run'
  puma (3.9.1) lib/puma/thread_pool.rb:120:in `block in spawn_thread'

Started POST "/__better_errors/86fd8e76705cb262/variables" for 127.0.0.1 at 2017-07-26 18:38:52 +0000
Started GET "/users/jobs" for 127.0.0.1 at 2017-07-26 19:18:23 +0000

AbstractController::ActionNotFound - The action 'show' could not be found for UsersController:
  actionpack (5.0.4) lib/abstract_controller/base.rb:121:in `process'
  actionview (5.0.4) lib/action_view/rendering.rb:30:in `process'
  actionpack (5.0.4) lib/action_controller/metal.rb:190:in `dispatch'
  actionpack (5.0.4) lib/action_controller/metal.rb:262:in `dispatch'
  actionpack (5.0.4) lib/action_dispatch/routing/route_set.rb:50:in `dispatch'
  actionpack (5.0.4) lib/action_dispatch/routing/route_set.rb:32:in `serve'
  actionpack (5.0.4) lib/action_dispatch/journey/router.rb:39:in `block in serve'
  actionpack (5.0.4) lib/action_dispatch/journey/router.rb:26:in `serve'
  actionpack (5.0.4) lib/action_dispatch/routing/route_set.rb:725:in `call'
  warden (1.2.7) lib/warden/manager.rb:36:in `block in call'
  warden (1.2.7) lib/warden/manager.rb:35:in `call'
  rack (2.0.3) lib/rack/etag.rb:25:in `call'
  rack (2.0.3) lib/rack/conditional_get.rb:25:in `call'
  rack (2.0.3) lib/rack/head.rb:12:in `call'
  rack (2.0.3) lib/rack/session/abstract/id.rb:232:in `context'
  rack (2.0.3) lib/rack/session/abstract/id.rb:226:in `call'
  actionpack (5.0.4) lib/action_dispatch/middleware/cookies.rb:613:in `call'
  actionpack (5.0.4) lib/action_dispatch/middleware/callbacks.rb:38:in `block in call'
  activesupport (5.0.4) lib/active_support/callbacks.rb:97:in `__run_callbacks__'
  activesupport (5.0.4) lib/active_support/callbacks.rb:750:in `_run_call_callbacks'
  activesupport (5.0.4) lib/active_support/callbacks.rb:90:in `run_callbacks'
  actionpack (5.0.4) lib/action_dispatch/middleware/callbacks.rb:36:in `call'
  actionpack (5.0.4) lib/action_dispatch/middleware/remote_ip.rb:79:in `call'
  better_errors (2.1.1) lib/better_errors/middleware.rb:84:in `protected_app_call'
  better_errors (2.1.1) lib/better_errors/middleware.rb:79:in `better_errors_call'
  better_errors (2.1.1) lib/better_errors/middleware.rb:57:in `call'
  actionpack (5.0.4) lib/action_dispatch/middleware/debug_exceptions.rb:49:in `call'
  web-console (3.5.1) lib/web_console/middleware.rb:135:in `call_app'
  web-console (3.5.1) lib/web_console/middleware.rb:28:in `block in call'
  web-console (3.5.1) lib/web_console/middleware.rb:18:in `call'
  actionpack (5.0.4) lib/action_dispatch/middleware/show_exceptions.rb:31:in `call'
  railties (5.0.4) lib/rails/rack/logger.rb:36:in `call_app'
  railties (5.0.4) lib/rails/rack/logger.rb:24:in `block in call'
  activesupport (5.0.4) lib/active_support/tagged_logging.rb:69:in `block in tagged'
  activesupport (5.0.4) lib/active_support/tagged_logging.rb:26:in `tagged'
  activesupport (5.0.4) lib/active_support/tagged_logging.rb:69:in `tagged'
  railties (5.0.4) lib/rails/rack/logger.rb:24:in `call'
  actionpack (5.0.4) lib/action_dispatch/middleware/request_id.rb:24:in `call'
  rack (2.0.3) lib/rack/method_override.rb:22:in `call'
  rack (2.0.3) lib/rack/runtime.rb:22:in `call'
  activesupport (5.0.4) lib/active_support/cache/strategy/local_cache_middleware.rb:28:in `call'
  actionpack (5.0.4) lib/action_dispatch/middleware/executor.rb:12:in `call'
  actionpack (5.0.4) lib/action_dispatch/middleware/static.rb:136:in `call'
  rack (2.0.3) lib/rack/sendfile.rb:111:in `call'
  railties (5.0.4) lib/rails/engine.rb:522:in `call'
  puma (3.9.1) lib/puma/configuration.rb:224:in `call'
  puma (3.9.1) lib/puma/server.rb:602:in `handle_request'
  puma (3.9.1) lib/puma/server.rb:435:in `process_client'
  puma (3.9.1) lib/puma/server.rb:299:in `block in run'
  puma (3.9.1) lib/puma/thread_pool.rb:120:in `block in spawn_thread'

Started POST "/__better_errors/02a343f95347bdaa/variables" for 127.0.0.1 at 2017-07-26 19:18:24 +0000
Started GET "/users/events" for 127.0.0.1 at 2017-07-26 19:18:34 +0000

AbstractController::ActionNotFound - The action 'show' could not be found for UsersController:
  actionpack (5.0.4) lib/abstract_controller/base.rb:121:in `process'
  actionview (5.0.4) lib/action_view/rendering.rb:30:in `process'
  actionpack (5.0.4) lib/action_controller/metal.rb:190:in `dispatch'
  actionpack (5.0.4) lib/action_controller/metal.rb:262:in `dispatch'
  actionpack (5.0.4) lib/action_dispatch/routing/route_set.rb:50:in `dispatch'
  actionpack (5.0.4) lib/action_dispatch/routing/route_set.rb:32:in `serve'
  actionpack (5.0.4) lib/action_dispatch/journey/router.rb:39:in `block in serve'
  actionpack (5.0.4) lib/action_dispatch/journey/router.rb:26:in `serve'
  actionpack (5.0.4) lib/action_dispatch/routing/route_set.rb:725:in `call'
  warden (1.2.7) lib/warden/manager.rb:36:in `block in call'
  warden (1.2.7) lib/warden/manager.rb:35:in `call'
  rack (2.0.3) lib/rack/etag.rb:25:in `call'
  rack (2.0.3) lib/rack/conditional_get.rb:25:in `call'
  rack (2.0.3) lib/rack/head.rb:12:in `call'
  rack (2.0.3) lib/rack/session/abstract/id.rb:232:in `context'
  rack (2.0.3) lib/rack/session/abstract/id.rb:226:in `call'
  actionpack (5.0.4) lib/action_dispatch/middleware/cookies.rb:613:in `call'
  actionpack (5.0.4) lib/action_dispatch/middleware/callbacks.rb:38:in `block in call'
  activesupport (5.0.4) lib/active_support/callbacks.rb:97:in `__run_callbacks__'
  activesupport (5.0.4) lib/active_support/callbacks.rb:750:in `_run_call_callbacks'
  activesupport (5.0.4) lib/active_support/callbacks.rb:90:in `run_callbacks'
  actionpack (5.0.4) lib/action_dispatch/middleware/callbacks.rb:36:in `call'
  actionpack (5.0.4) lib/action_dispatch/middleware/remote_ip.rb:79:in `call'
  better_errors (2.1.1) lib/better_errors/middleware.rb:84:in `protected_app_call'
  better_errors (2.1.1) lib/better_errors/middleware.rb:79:in `better_errors_call'
  better_errors (2.1.1) lib/better_errors/middleware.rb:57:in `call'
  actionpack (5.0.4) lib/action_dispatch/middleware/debug_exceptions.rb:49:in `call'
  web-console (3.5.1) lib/web_console/middleware.rb:135:in `call_app'
  web-console (3.5.1) lib/web_console/middleware.rb:28:in `block in call'
  web-console (3.5.1) lib/web_console/middleware.rb:18:in `call'
  actionpack (5.0.4) lib/action_dispatch/middleware/show_exceptions.rb:31:in `call'
  railties (5.0.4) lib/rails/rack/logger.rb:36:in `call_app'
  railties (5.0.4) lib/rails/rack/logger.rb:24:in `block in call'
  activesupport (5.0.4) lib/active_support/tagged_logging.rb:69:in `block in tagged'
  activesupport (5.0.4) lib/active_support/tagged_logging.rb:26:in `tagged'
  activesupport (5.0.4) lib/active_support/tagged_logging.rb:69:in `tagged'
  railties (5.0.4) lib/rails/rack/logger.rb:24:in `call'
  actionpack (5.0.4) lib/action_dispatch/middleware/request_id.rb:24:in `call'
  rack (2.0.3) lib/rack/method_override.rb:22:in `call'
  rack (2.0.3) lib/rack/runtime.rb:22:in `call'
  activesupport (5.0.4) lib/active_support/cache/strategy/local_cache_middleware.rb:28:in `call'
  actionpack (5.0.4) lib/action_dispatch/middleware/executor.rb:12:in `call'
  actionpack (5.0.4) lib/action_dispatch/middleware/static.rb:136:in `call'
  rack (2.0.3) lib/rack/sendfile.rb:111:in `call'
  railties (5.0.4) lib/rails/engine.rb:522:in `call'
  puma (3.9.1) lib/puma/configuration.rb:224:in `call'
  puma (3.9.1) lib/puma/server.rb:602:in `handle_request'
  puma (3.9.1) lib/puma/server.rb:435:in `process_client'
  puma (3.9.1) lib/puma/server.rb:299:in `block in run'
  puma (3.9.1) lib/puma/thread_pool.rb:120:in `block in spawn_thread'

Started POST "/__better_errors/780575e7d1726663/variables" for 127.0.0.1 at 2017-07-26 19:18:35 +0000
Started POST "/__better_errors/780575e7d1726663/variables" for 127.0.0.1 at 2017-07-26 19:18:40 +0000
Started GET "/users/skills" for 127.0.0.1 at 2017-07-26 19:19:19 +0000

AbstractController::ActionNotFound - The action 'show' could not be found for UsersController:
  actionpack (5.0.4) lib/abstract_controller/base.rb:121:in `process'
  actionview (5.0.4) lib/action_view/rendering.rb:30:in `process'
  actionpack (5.0.4) lib/action_controller/metal.rb:190:in `dispatch'
  actionpack (5.0.4) lib/action_controller/metal.rb:262:in `dispatch'
  actionpack (5.0.4) lib/action_dispatch/routing/route_set.rb:50:in `dispatch'
  actionpack (5.0.4) lib/action_dispatch/routing/route_set.rb:32:in `serve'
  actionpack (5.0.4) lib/action_dispatch/journey/router.rb:39:in `block in serve'
  actionpack (5.0.4) lib/action_dispatch/journey/router.rb:26:in `serve'
  actionpack (5.0.4) lib/action_dispatch/routing/route_set.rb:725:in `call'
  warden (1.2.7) lib/warden/manager.rb:36:in `block in call'
  warden (1.2.7) lib/warden/manager.rb:35:in `call'
  rack (2.0.3) lib/rack/etag.rb:25:in `call'
  rack (2.0.3) lib/rack/conditional_get.rb:25:in `call'
  rack (2.0.3) lib/rack/head.rb:12:in `call'
  rack (2.0.3) lib/rack/session/abstract/id.rb:232:in `context'
  rack (2.0.3) lib/rack/session/abstract/id.rb:226:in `call'
  actionpack (5.0.4) lib/action_dispatch/middleware/cookies.rb:613:in `call'
  actionpack (5.0.4) lib/action_dispatch/middleware/callbacks.rb:38:in `block in call'
  activesupport (5.0.4) lib/active_support/callbacks.rb:97:in `__run_callbacks__'
  activesupport (5.0.4) lib/active_support/callbacks.rb:750:in `_run_call_callbacks'
  activesupport (5.0.4) lib/active_support/callbacks.rb:90:in `run_callbacks'
  actionpack (5.0.4) lib/action_dispatch/middleware/callbacks.rb:36:in `call'
  actionpack (5.0.4) lib/action_dispatch/middleware/remote_ip.rb:79:in `call'
  better_errors (2.1.1) lib/better_errors/middleware.rb:84:in `protected_app_call'
  better_errors (2.1.1) lib/better_errors/middleware.rb:79:in `better_errors_call'
  better_errors (2.1.1) lib/better_errors/middleware.rb:57:in `call'
  actionpack (5.0.4) lib/action_dispatch/middleware/debug_exceptions.rb:49:in `call'
  web-console (3.5.1) lib/web_console/middleware.rb:135:in `call_app'
  web-console (3.5.1) lib/web_console/middleware.rb:28:in `block in call'
  web-console (3.5.1) lib/web_console/middleware.rb:18:in `call'
  actionpack (5.0.4) lib/action_dispatch/middleware/show_exceptions.rb:31:in `call'
  railties (5.0.4) lib/rails/rack/logger.rb:36:in `call_app'
  railties (5.0.4) lib/rails/rack/logger.rb:24:in `block in call'
  activesupport (5.0.4) lib/active_support/tagged_logging.rb:69:in `block in tagged'
  activesupport (5.0.4) lib/active_support/tagged_logging.rb:26:in `tagged'
  activesupport (5.0.4) lib/active_support/tagged_logging.rb:69:in `tagged'
  railties (5.0.4) lib/rails/rack/logger.rb:24:in `call'
  actionpack (5.0.4) lib/action_dispatch/middleware/request_id.rb:24:in `call'
  rack (2.0.3) lib/rack/method_override.rb:22:in `call'
  rack (2.0.3) lib/rack/runtime.rb:22:in `call'
  activesupport (5.0.4) lib/active_support/cache/strategy/local_cache_middleware.rb:28:in `call'
  actionpack (5.0.4) lib/action_dispatch/middleware/executor.rb:12:in `call'
  actionpack (5.0.4) lib/action_dispatch/middleware/static.rb:136:in `call'
  rack (2.0.3) lib/rack/sendfile.rb:111:in `call'
  railties (5.0.4) lib/rails/engine.rb:522:in `call'
  puma (3.9.1) lib/puma/configuration.rb:224:in `call'
  puma (3.9.1) lib/puma/server.rb:602:in `handle_request'
  puma (3.9.1) lib/puma/server.rb:435:in `process_client'
  puma (3.9.1) lib/puma/server.rb:299:in `block in run'
  puma (3.9.1) lib/puma/thread_pool.rb:120:in `block in spawn_thread'

Started POST "/__better_errors/87c213b05004b358/variables" for 127.0.0.1 at 2017-07-26 19:19:19 +0000
Started GET "/groups/events" for 127.0.0.1 at 2017-07-26 19:21:06 +0000
Processing by GroupsController#events as HTML
  [1m[36mOrganisation Load (0.9ms)[0m  [1m[34mSELECT  "organisations".* FROM "organisations" WHERE "organisations"."id" = $1 ORDER BY "organisations"."id" ASC LIMIT $2[0m  [["id", 1], ["LIMIT", 1]]
  Rendering groups/events.html.erb within layouts//organisations
  Rendered groups/events.html.erb within layouts//organisations (3.6ms)
  Rendered layouts/_navigation.html.erb (3.1ms)
  Rendered layouts/_topnavbar.html.erb (1.0ms)
Completed 200 OK in 2691ms (Views: 2408.8ms | ActiveRecord: 24.6ms)


Started GET "/groups/events" for 127.0.0.1 at 2017-07-26 19:21:18 +0000
Processing by GroupsController#events as HTML
  [1m[36mOrganisation Load (0.7ms)[0m  [1m[34mSELECT  "organisations".* FROM "organisations" WHERE "organisations"."id" = $1 ORDER BY "organisations"."id" ASC LIMIT $2[0m  [["id", 1], ["LIMIT", 1]]
  Rendering groups/events.html.erb within layouts//organisations
  Rendered groups/events.html.erb within layouts//organisations (0.7ms)
  Rendered layouts/_navigation.html.erb (2.2ms)
  Rendered layouts/_topnavbar.html.erb (0.8ms)
Completed 200 OK in 53ms (Views: 38.1ms | ActiveRecord: 0.7ms)


Started GET "/groups/new" for 127.0.0.1 at 2017-07-26 19:21:59 +0000
Processing by GroupsController#new as HTML
  [1m[36mOrganisation Load (0.6ms)[0m  [1m[34mSELECT  "organisations".* FROM "organisations" WHERE "organisations"."id" = $1 ORDER BY "organisations"."id" ASC LIMIT $2[0m  [["id", 1], ["LIMIT", 1]]
  Rendering groups/new.html.erb within layouts//organisations
  Rendered groups/new.html.erb within layouts//organisations (31.4ms)
  Rendered layouts/_navigation.html.erb (2.6ms)
  Rendered layouts/_topnavbar.html.erb (1.7ms)
Completed 200 OK in 122ms (Views: 67.3ms | ActiveRecord: 3.4ms)


Started GET "/groups/new" for 127.0.0.1 at 2017-07-26 19:22:03 +0000
Processing by GroupsController#new as HTML
  [1m[36mOrganisation Load (0.7ms)[0m  [1m[34mSELECT  "organisations".* FROM "organisations" WHERE "organisations"."id" = $1 ORDER BY "organisations"."id" ASC LIMIT $2[0m  [["id", 1], ["LIMIT", 1]]
  Rendering groups/new.html.erb within layouts//organisations
  Rendered groups/new.html.erb within layouts//organisations (2.4ms)
  Rendered layouts/_navigation.html.erb (4.4ms)
  Rendered layouts/_topnavbar.html.erb (1.5ms)
Completed 200 OK in 75ms (Views: 53.7ms | ActiveRecord: 0.7ms)


Started GET "/events" for 127.0.0.1 at 2017-07-26 19:22:05 +0000
Processing by EventsController#index as HTML
  [1m[36mOrganisation Load (0.5ms)[0m  [1m[34mSELECT  "organisations".* FROM "organisations" WHERE "organisations"."id" = $1 ORDER BY "organisations"."id" ASC LIMIT $2[0m  [["id", 1], ["LIMIT", 1]]
Started GET "/events" for 127.0.0.1 at 2017-07-26 19:22:05 +0000
Processing by EventsController#index as HTML
  Rendering events/index.html.erb within layouts/organisations
  [1m[36mEvent Load (0.5ms)[0m  [1m[34mSELECT "events".* FROM "events" WHERE "events"."organisation_id" = $1[0m  [["organisation_id", 1]]
  [1m[36mOrganisation Load (1.5ms)[0m  [1m[34mSELECT  "organisations".* FROM "organisations" WHERE "organisations"."id" = $1 ORDER BY "organisations"."id" ASC LIMIT $2[0m  [["id", 1], ["LIMIT", 1]]
  Rendering events/index.html.erb within layouts/organisations
  [1m[36mEvent Load (0.4ms)[0m  [1m[34mSELECT "events".* FROM "events" WHERE "events"."organisation_id" = $1[0m  [["organisation_id", 1]]
  Rendered events/index.html.erb within layouts/organisations (57.2ms)
  Rendered events/index.html.erb within layouts/organisations (18.3ms)
  Rendered layouts/_navigation.html.erb (1.9ms)
  Rendered layouts/_navigation.html.erb (9.2ms)
  Rendered layouts/_topnavbar.html.erb (1.1ms)
  Rendered layouts/_topnavbar.html.erb (0.8ms)
Completed 200 OK in 201ms (Views: 124.1ms | ActiveRecord: 7.2ms)


Completed 200 OK in 123ms (Views: 63.6ms | ActiveRecord: 28.3ms)


Started GET "/fundraisings" for 127.0.0.1 at 2017-07-26 19:22:06 +0000
Processing by FundraisingsController#index as HTML
  [1m[36mOrganisation Load (0.5ms)[0m  [1m[34mSELECT  "organisations".* FROM "organisations" WHERE "organisations"."id" = $1 ORDER BY "organisations"."id" ASC LIMIT $2[0m  [["id", 1], ["LIMIT", 1]]
  Rendering fundraisings/index.html.erb within layouts/organisations
  [1m[36mFundraising Load (0.8ms)[0m  [1m[34mSELECT "fundraisings".* FROM "fundraisings" WHERE "fundraisings"."organisation_id" = $1[0m  [["organisation_id", 1]]
  Rendered fundraisings/index.html.erb within layouts/organisations (34.3ms)
  Rendered layouts/_navigation.html.erb (2.4ms)
  Rendered layouts/_topnavbar.html.erb (1.1ms)
Completed 200 OK in 120ms (Views: 68.0ms | ActiveRecord: 5.3ms)


Started GET "/organisations/sms" for 127.0.0.1 at 2017-07-26 19:22:07 +0000
Processing by OrganisationsController#sms as HTML
  [1m[36mOrganisation Load (0.4ms)[0m  [1m[34mSELECT  "organisations".* FROM "organisations" WHERE "organisations"."id" = $1 ORDER BY "organisations"."id" ASC LIMIT $2[0m  [["id", 1], ["LIMIT", 1]]
  Rendering organisations/sms.html.erb within layouts/organisations
  [1m[36mMembershipdatum Load (0.4ms)[0m  [1m[34mSELECT "membershipdata".* FROM "membershipdata" WHERE "membershipdata"."organisation_id" = $1[0m  [["organisation_id", 1]]
  Rendered organisations/sms.html.erb within layouts/organisations (31.6ms)
  Rendered layouts/_navigation.html.erb (3.3ms)
  Rendered layouts/_topnavbar.html.erb (1.1ms)
Completed 200 OK in 108ms (Views: 60.3ms | ActiveRecord: 7.4ms)


Started GET "/assets/green.png" for 127.0.0.1 at 2017-07-26 19:22:08 +0000
Started GET "/organisations/email" for 127.0.0.1 at 2017-07-26 19:22:08 +0000
Processing by OrganisationsController#email as HTML
  [1m[36mOrganisation Load (0.8ms)[0m  [1m[34mSELECT  "organisations".* FROM "organisations" WHERE "organisations"."id" = $1 ORDER BY "organisations"."id" ASC LIMIT $2[0m  [["id", 1], ["LIMIT", 1]]
  Rendering organisations/email.html.erb within layouts/organisations
  Rendered organisations/email.html.erb within layouts/organisations (1.8ms)
  Rendered layouts/_navigation.html.erb (3.0ms)
  Rendered layouts/_topnavbar.html.erb (1.8ms)
Completed 200 OK in 57ms (Views: 43.1ms | ActiveRecord: 0.8ms)


Started GET "/assets/green.png" for 127.0.0.1 at 2017-07-26 19:22:09 +0000
Started GET "/membershipdata" for 127.0.0.1 at 2017-07-26 19:22:10 +0000
Processing by MembershipdataController#index as HTML
  [1m[36mOrganisation Load (0.3ms)[0m  [1m[34mSELECT  "organisations".* FROM "organisations" WHERE "organisations"."id" = $1 ORDER BY "organisations"."id" ASC LIMIT $2[0m  [["id", 1], ["LIMIT", 1]]
  Rendering membershipdata/index.html.erb within layouts/organisations
  [1m[36mMembershipdatum Load (0.4ms)[0m  [1m[34mSELECT "membershipdata".* FROM "membershipdata" WHERE "membershipdata"."organisation_id" = $1[0m  [["organisation_id", 1]]
  Rendered membershipdata/index.html.erb within layouts/organisations (5.9ms)
  Rendered layouts/_navigation.html.erb (3.9ms)
  Rendered layouts/_topnavbar.html.erb (1.8ms)
Completed 200 OK in 67ms (Views: 52.5ms | ActiveRecord: 0.8ms)


Started GET "/membershipdata" for 127.0.0.1 at 2017-07-26 19:22:11 +0000
Processing by MembershipdataController#index as HTML
  [1m[36mOrganisation Load (0.4ms)[0m  [1m[34mSELECT  "organisations".* FROM "organisations" WHERE "organisations"."id" = $1 ORDER BY "organisations"."id" ASC LIMIT $2[0m  [["id", 1], ["LIMIT", 1]]
  Rendering membershipdata/index.html.erb within layouts/organisations
  [1m[36mMembershipdatum Load (0.6ms)[0m  [1m[34mSELECT "membershipdata".* FROM "membershipdata" WHERE "membershipdata"."organisation_id" = $1[0m  [["organisation_id", 1]]
  Rendered membershipdata/index.html.erb within layouts/organisations (4.0ms)
  Rendered layouts/_navigation.html.erb (3.0ms)
  Rendered layouts/_topnavbar.html.erb (1.2ms)
Completed 200 OK in 51ms (Views: 39.9ms | ActiveRecord: 1.0ms)


Started GET "/dashboard" for 127.0.0.1 at 2017-07-26 19:22:11 +0000
Processing by OrganisationsController#index as HTML
  [1m[36mOrganisation Load (0.4ms)[0m  [1m[34mSELECT  "organisations".* FROM "organisations" WHERE "organisations"."id" = $1 ORDER BY "organisations"."id" ASC LIMIT $2[0m  [["id", 1], ["LIMIT", 1]]
  Rendering organisations/index.html.erb within layouts/organisations
  [1m[35m (0.5ms)[0m  [1m[34mSELECT COUNT(*) FROM "membershipdata" WHERE "membershipdata"."organisation_id" = $1[0m  [["organisation_id", 1]]
  [1m[35m (0.6ms)[0m  [1m[34mSELECT COUNT(*) FROM "fundraisings" WHERE "fundraisings"."organisation_id" = $1[0m  [["organisation_id", 1]]
  [1m[35m (0.8ms)[0m  [1m[34mSELECT COUNT(*) FROM "events" WHERE "events"."organisation_id" = $1[0m  [["organisation_id", 1]]
  Rendered organisations/index.html.erb within layouts/organisations (9.5ms)
  Rendered layouts/_navigation.html.erb (3.6ms)
  Rendered layouts/_topnavbar.html.erb (0.8ms)
Completed 200 OK in 56ms (Views: 44.4ms | ActiveRecord: 2.2ms)


Started GET "/groups/events" for 127.0.0.1 at 2017-07-26 19:22:41 +0000
Processing by GroupsController#events as HTML
  [1m[36mOrganisation Load (0.5ms)[0m  [1m[34mSELECT  "organisations".* FROM "organisations" WHERE "organisations"."id" = $1 ORDER BY "organisations"."id" ASC LIMIT $2[0m  [["id", 1], ["LIMIT", 1]]
  Rendering groups/events.html.erb within layouts//organisations
  Rendered groups/events.html.erb within layouts//organisations (1.0ms)
  Rendered layouts/_navigation.html.erb (3.0ms)
  Rendered layouts/_topnavbar.html.erb (1.1ms)
Completed 200 OK in 48ms (Views: 38.1ms | ActiveRecord: 0.5ms)


Started GET "/groups/events" for 127.0.0.1 at 2017-07-26 19:22:43 +0000
Processing by GroupsController#events as HTML
  [1m[36mOrganisation Load (0.5ms)[0m  [1m[34mSELECT  "organisations".* FROM "organisations" WHERE "organisations"."id" = $1 ORDER BY "organisations"."id" ASC LIMIT $2[0m  [["id", 1], ["LIMIT", 1]]
  Rendering groups/events.html.erb within layouts//organisations
  Rendered groups/events.html.erb within layouts//organisations (1.0ms)
  Rendered layouts/_navigation.html.erb (2.3ms)
  Rendered layouts/_topnavbar.html.erb (1.1ms)
Completed 200 OK in 54ms (Views: 41.4ms | ActiveRecord: 0.5ms)


Started GET "/groups/events" for 127.0.0.1 at 2017-07-26 19:23:41 +0000
Processing by GroupsController#events as HTML
  [1m[36mOrganisation Load (0.5ms)[0m  [1m[34mSELECT  "organisations".* FROM "organisations" WHERE "organisations"."id" = $1 ORDER BY "organisations"."id" ASC LIMIT $2[0m  [["id", 1], ["LIMIT", 1]]
  Rendering groups/events.html.erb within layouts//organisations
  Rendered groups/events.html.erb within layouts//organisations (0.6ms)
  Rendered layouts/_navigation.html.erb (2.7ms)
  Rendered layouts/_topnavbar.html.erb (1.5ms)
Completed 200 OK in 50ms (Views: 38.2ms | ActiveRecord: 0.5ms)


Started GET "/groups/events" for 127.0.0.1 at 2017-07-26 19:23:42 +0000
Processing by GroupsController#events as HTML
  [1m[36mOrganisation Load (0.4ms)[0m  [1m[34mSELECT  "organisations".* FROM "organisations" WHERE "organisations"."id" = $1 ORDER BY "organisations"."id" ASC LIMIT $2[0m  [["id", 1], ["LIMIT", 1]]
  Rendering groups/events.html.erb within layouts//organisations
  Rendered groups/events.html.erb within layouts//organisations (0.5ms)
  Rendered layouts/_navigation.html.erb (6.5ms)
  Rendered layouts/_topnavbar.html.erb (1.5ms)
Completed 200 OK in 52ms (Views: 40.8ms | ActiveRecord: 0.4ms)


Started GET "/groups/events" for 127.0.0.1 at 2017-07-26 19:24:08 +0000
Processing by GroupsController#events as HTML
  [1m[36mOrganisation Load (0.8ms)[0m  [1m[34mSELECT  "organisations".* FROM "organisations" WHERE "organisations"."id" = $1 ORDER BY "organisations"."id" ASC LIMIT $2[0m  [["id", 1], ["LIMIT", 1]]
  Rendering groups/events.html.erb within layouts/users
  Rendered groups/events.html.erb within layouts/users (6.6ms)
  Rendered layouts/_usertopnavbar.html.erb (1.8ms)
Completed 200 OK in 1539ms (Views: 1424.9ms | ActiveRecord: 11.8ms)


Started GET "/groups/events" for 127.0.0.1 at 2017-07-26 19:24:12 +0000
Processing by GroupsController#events as HTML
  [1m[36mOrganisation Load (0.7ms)[0m  [1m[34mSELECT  "organisations".* FROM "organisations" WHERE "organisations"."id" = $1 ORDER BY "organisations"."id" ASC LIMIT $2[0m  [["id", 1], ["LIMIT", 1]]
  Rendering groups/events.html.erb within layouts/users
  Rendered groups/events.html.erb within layouts/users (0.7ms)
  Rendered layouts/_usertopnavbar.html.erb (1.8ms)
Completed 200 OK in 36ms (Views: 24.5ms | ActiveRecord: 0.7ms)


